<?xml version="1.0" encoding="UTF-8"?>
<!-- Generated by org.testng.reporters.JUnitReportReporter -->
<testsuite hostname="wishponds-MacBook-Pro.local" failures="0" tests="1" name="testcases2.TestCase2" time="21.339" errors="0" timestamp="2023-07-23T11:53:20 IST" skipped="0">
  <testcase classname="testcases2.TestCase2" name="Usersignin" time="21.339"/>
  <system-out/>
</testsuite> <!-- testcases2.TestCase2 -->
