<?xml version="1.0" encoding="UTF-8"?>
<!-- Generated by org.testng.reporters.JUnitReportReporter -->
<testsuite hostname="wishponds-MacBook-Pro.local" failures="0" tests="1" name="testcases2.TC06_CreateFolder" time="47.722" errors="0" timestamp="2023-08-01T17:39:41 IST" skipped="0">
  <testcase classname="testcases2.TC06_CreateFolder" name="CreateFolder" time="47.722"/>
  <system-out/>
</testsuite> <!-- testcases2.TC06_CreateFolder -->
