<?xml version="1.0" encoding="UTF-8"?>
<!-- Generated by org.testng.reporters.JUnitReportReporter -->
<testsuite hostname="wishponds-MacBook-Pro.local" failures="0" tests="1" name="testcases2.TC07_CreateFoldernegative" time="45.117" errors="0" timestamp="2023-08-01T17:40:53 IST" skipped="0">
  <testcase classname="testcases2.TC07_CreateFoldernegative" name="CreateFoldernegative" time="45.117"/>
  <system-out/>
</testsuite> <!-- testcases2.TC07_CreateFoldernegative -->
