<?xml version="1.0" encoding="UTF-8"?>
<!-- Generated by org.testng.reporters.JUnitReportReporter -->
<testsuite hostname="wishponds-MacBook-Pro.local" failures="0" tests="1" name="testcases2.TC01_verifyURL" time="0.101" errors="0" timestamp="2023-07-31T22:45:20 IST" skipped="0">
  <testcase classname="testcases2.TC01_verifyURL" name="verifyURL" time="0.101"/>
  <system-out/>
</testsuite> <!-- testcases2.TC01_verifyURL -->
