<?xml version="1.0" encoding="UTF-8"?>
<!-- Generated by org.testng.reporters.JUnitReportReporter -->
<testsuite hostname="wishponds-MacBook-Pro.local" failures="0" tests="1" name="com.learnautomation.sample.ExtentReport" time="0.595" errors="0" timestamp="2023-06-14T00:38:23 IST" skipped="0">
  <testcase classname="com.learnautomation.sample.ExtentReport" name="test1" time="0.595"/>
  <system-out/>
</testsuite> <!-- com.learnautomation.sample.ExtentReport -->
