<?xml version="1.0" encoding="UTF-8"?>
<!-- Generated by org.testng.reporters.JUnitReportReporter -->
<testsuite hostname="wishponds-MacBook-Pro.local" failures="0" tests="1" name="testcases2.TC03_SearchMerchant" time="37.826" errors="0" timestamp="2023-08-01T17:43:27 IST" skipped="0">
  <testcase classname="testcases2.TC03_SearchMerchant" name="SearchMerchant" time="37.826"/>
  <system-out/>
</testsuite> <!-- testcases2.TC03_SearchMerchant -->
