<?xml version="1.0" encoding="UTF-8"?>
<!-- Generated by org.testng.reporters.JUnitReportReporter -->
<testsuite hostname="wishponds-MacBook-Pro.local" failures="0" tests="1" name="com.learnautomation.testcases.LoginTest1" time="9.396" errors="0" timestamp="2023-06-30T00:35:50 IST" skipped="0">
  <testcase classname="com.learnautomation.testcases.LoginTest1" name="logintoApp" time="9.396"/>
  <system-out/>
</testsuite> <!-- com.learnautomation.testcases.LoginTest1 -->
