<?xml version="1.0" encoding="UTF-8"?>
<!-- Generated by org.testng.reporters.JUnitReportReporter -->
<testsuite hostname="wishponds-MacBook-Pro.local" failures="0" tests="1" name="testcases2.TC09_EmailAutomation" time="45.480" errors="0" timestamp="2023-08-02T01:14:02 IST" skipped="0">
  <testcase classname="testcases2.TC09_EmailAutomation" name="EmailAutomation" time="45.480"/>
  <system-out/>
</testsuite> <!-- testcases2.TC09_EmailAutomation -->
