<?xml version="1.0" encoding="UTF-8"?>
<!-- Generated by org.testng.reporters.JUnitReportReporter -->
<testsuite hostname="wishponds-MacBook-Pro.local" failures="0" tests="1" name="testcases2.TC03_Search" time="4.611" errors="0" timestamp="2023-07-23T22:17:33 IST" skipped="0">
  <testcase classname="testcases2.TC03_Search" name="searchtestcase" time="4.611"/>
  <system-out/>
</testsuite> <!-- testcases2.TC03_Search -->
