<?xml version="1.0" encoding="UTF-8"?>
<!-- Generated by org.testng.reporters.JUnitReportReporter -->
<testsuite hostname="wishponds-MacBook-Pro.local" failures="0" tests="1" name="testcases2.TC02_SigninviaGmail" time="23.452" errors="0" timestamp="2023-08-01T00:24:13 IST" skipped="0">
  <testcase classname="testcases2.TC02_SigninviaGmail" name="SigninPage" time="23.452"/>
  <system-out/>
</testsuite> <!-- testcases2.TC02_SigninviaGmail -->
